#! /c/Source/iverilog-install/bin/vvp
:ivl_version "12.0 (devel)" "(s20150603-1539-g2693dd32b)";
:ivl_delay_selection "TYPICAL";
:vpi_time_precision - 12;
:vpi_module "C:\iverilog\lib\ivl\system.vpi";
:vpi_module "C:\iverilog\lib\ivl\vhdl_sys.vpi";
:vpi_module "C:\iverilog\lib\ivl\vhdl_textio.vpi";
:vpi_module "C:\iverilog\lib\ivl\v2005_math.vpi";
:vpi_module "C:\iverilog\lib\ivl\va_math.vpi";
:vpi_module "C:\iverilog\lib\ivl\v2009.vpi";
S_0000021749f8b360 .scope package, "$unit" "$unit" 2 1;
 .timescale 0 0;
S_000002174a646a90 .scope module, "tb_riscv_fetch" "tb_riscv_fetch" 3 3;
 .timescale -9 -12;
v000002174a68f830_0 .var "clk", 0 0;
v000002174a68f8d0_0 .net "pc_out", 31 0, L_000002174a6133f0;  1 drivers
v000002174a68f970_0 .var "rst_n", 0 0;
S_000002174a646c20 .scope module, "dut" "riscv_fetch" 3 11, 4 1 0, S_000002174a646a90;
 .timescale 0 0;
    .port_info 0 /INPUT 1 "clk";
    .port_info 1 /INPUT 1 "rst_n";
    .port_info 2 /OUTPUT 32 "pc_out";
L_000002174a6133f0 .functor BUFZ 32, v000002174a646db0_0, C4<00000000000000000000000000000000>, C4<00000000000000000000000000000000>, C4<00000000000000000000000000000000>;
v000002174a613680_0 .net "clk", 0 0, v000002174a68f830_0;  1 drivers
v000002174a613120_0 .net "pc_out", 31 0, L_000002174a6133f0;  alias, 1 drivers
v000002174a646db0_0 .var "pc_reg", 31 0;
v000002174a646e50_0 .net "rst_n", 0 0, v000002174a68f970_0;  1 drivers
E_0000021749f8cef0/0 .event negedge, v000002174a646e50_0;
E_0000021749f8cef0/1 .event posedge, v000002174a613680_0;
E_0000021749f8cef0 .event/or E_0000021749f8cef0/0, E_0000021749f8cef0/1;
    .scope S_000002174a646c20;
T_0 ;
    %wait E_0000021749f8cef0;
    %load/vec4 v000002174a646e50_0;
    %nor/r;
    %flag_set/vec4 8;
    %jmp/0xz  T_0.0, 8;
    %pushi/vec4 0, 0, 32;
    %assign/vec4 v000002174a646db0_0, 0;
    %jmp T_0.1;
T_0.0 ;
    %load/vec4 v000002174a646db0_0;
    %addi 4, 0, 32;
    %assign/vec4 v000002174a646db0_0, 0;
T_0.1 ;
    %jmp T_0;
    .thread T_0;
    .scope S_000002174a646a90;
T_1 ;
    %delay 5000, 0;
    %load/vec4 v000002174a68f830_0;
    %inv;
    %store/vec4 v000002174a68f830_0, 0, 1;
    %jmp T_1;
    .thread T_1;
    .scope S_000002174a646a90;
T_2 ;
    %pushi/vec4 0, 0, 1;
    %store/vec4 v000002174a68f830_0, 0, 1;
    %pushi/vec4 0, 0, 1;
    %store/vec4 v000002174a68f970_0, 0, 1;
    %delay 20000, 0;
    %pushi/vec4 1, 0, 1;
    %store/vec4 v000002174a68f970_0, 0, 1;
    %delay 100000, 0;
    %vpi_call/w 3 33 "$display", "Test Complete. Final PC: %h", v000002174a68f8d0_0 {0 0 0};
    %vpi_call/w 3 34 "$finish" {0 0 0};
    %end;
    .thread T_2;
    .scope S_000002174a646a90;
T_3 ;
    %vpi_call/w 3 39 "$dumpfile", "waveform.vcd" {0 0 0};
    %vpi_call/w 3 40 "$dumpvars", 32'sb00000000000000000000000000000000, S_000002174a646a90 {0 0 0};
    %end;
    .thread T_3;
# The file index is used to find the file name in the following table.
:file_names 5;
    "N/A";
    "<interactive>";
    "-";
    "tb/tb_riscv_fetch.sv";
    "rtl/core/riscv_fetch.sv";
